Build started 7/13/2017 9:22:58 AM.
     1>Project "C:\Users\chittibabu\MissionRnDProjects\Arrays2\spec\spec.vcxproj" on node 3 (Build target(s)).
     1>ClCompile:
         C:\Program Files\Microsoft Visual Studio 12.0\VC\bin\CL.exe /c /AI"C:\Program Files\Reference Assemblies\Microsoft\Framework\.NETFramework\v4.0" /AI"C:\Program Files\Windows Kits\8.1\References\CommonConfiguration\Neutral" /Zi /clr /nologo /W3 /WX- /Od /Oy- /D WIN32 /D _DEBUG /D _WINDLL /D _UNICODE /D UNICODE /EHa /MD /GS /fp:precise /Zc:wchar_t /Zc:forScope /Yu"stdafx.h" /Fp"Debug\spec.pch" /Fo"Debug\\" /Fd"Debug\vc120.pdb" /TP /FU"C:\Program Files\Microsoft Visual Studio 12.0\Common7\IDE\ReferenceAssemblies\v4.0\Microsoft.VisualStudio.QualityTools.UnitTestFramework.dll" /FU"C:\Program Files\Reference Assemblies\Microsoft\Framework\.NETFramework\v4.0\mscorlib.dll" /FU"C:\Program Files\Reference Assemblies\Microsoft\Framework\.NETFramework\v4.0\System.Data.dll" /FU"C:\Program Files\Reference Assemblies\Microsoft\Framework\.NETFramework\v4.0\System.dll" /FU"C:\Program Files\Reference Assemblies\Microsoft\Framework\.NETFramework\v4.0\System.Xml.dll" /analyze- /errorReport:prompt /clr:nostdlib PHeightsSpec.cpp
         PHeightsSpec.cpp
       Link:
         C:\Program Files\Microsoft Visual Studio 12.0\VC\bin\link.exe /ERRORREPORT:PROMPT /OUT:"C:\Users\chittibabu\MissionRnDProjects\Arrays2\Debug\spec.dll" /INCREMENTAL /NOLOGO /MANIFEST /MANIFESTUAC:"level='asInvoker' uiAccess='false'" /manifest:embed /DEBUG /PDB:"C:\Users\chittibabu\MissionRnDProjects\Arrays2\Debug\spec.pdb" /HEAP:"4194304" /TLBID:1 /DYNAMICBASE /FIXED:NO /NXCOMPAT /MACHINE:X86 /SAFESEH /DLL Debug\app.res
         Debug\ArraySequencesSpec.obj
         Debug\AssemblyInfo.obj
         Debug\countGreaterNumbersSpec.obj
         Debug\findSingleOccurenceNumberSpec.obj
         Debug\mergeSortedArraysSpec.obj
         Debug\NWarSpec.obj
         Debug\PHeightsSpec.obj
         Debug\sortedArraysCommonElementsSpec.obj
         Debug\stdafx.obj
         "Debug\.NETFramework,Version=v4.0.AssemblyAttributes.obj"
         spec.vcxproj -> C:\Users\chittibabu\MissionRnDProjects\Arrays2\Debug\spec.dll
     1>Done Building Project "C:\Users\chittibabu\MissionRnDProjects\Arrays2\spec\spec.vcxproj" (Build target(s)).

Build succeeded.

Time Elapsed 00:00:01.15
